<?xml version="1.0" encoding="UTF-8"?>
<testng-results ignored="0" total="1" passed="1" failed="0" skipped="0">
  <reporter-output>
  </reporter-output>
  <suite started-at="2021-01-26T21:33:17Z" name="Default suite" finished-at="2021-01-26T21:33:24Z" duration-ms="6970">
    <groups>
    </groups>
    <test started-at="2021-01-26T21:33:17Z" name="Default test" finished-at="2021-01-26T21:33:24Z" duration-ms="6970">
      <class name="leicageosystem.bingsearch.TestCaseGetTopResult">
        <test-method signature="GetTopResultTest()[pri:0, instance:leicageosystem.bingsearch.TestCaseGetTopResult@6221a451]" started-at="2021-01-26T21:33:18Z" name="GetTopResultTest" finished-at="2021-01-26T21:33:24Z" duration-ms="6930" status="PASS">
          <reporter-output>
          </reporter-output>
        </test-method> <!-- GetTopResultTest -->
      </class> <!-- leicageosystem.bingsearch.TestCaseGetTopResult -->
    </test> <!-- Default test -->
  </suite> <!-- Default suite -->
</testng-results>
